Using pre-set license
Built from '2020.3/staging' branch; Version is '2020.3.8f1 (507919d4fff5) revision 5273881'; Using compiler version '192528614'; Build Type 'Release'
OS: 'Windows 10 Home Single Language; OS build 19043.1288; Version 2009; 64bit' Language: 'tr' Physical Memory: 32600 MB
BatchMode: 1, IsHumanControllingUs: 0, StartBugReporterOnCrash: 0, Is64bit: 1, IsPro: 0

 COMMAND LINE ARGUMENTS:
C:\Program Files\Unity\2020.3.8f1\Editor\Unity.exe
-adb2
-batchMode
-noUpm
-name
AssetImportWorker2
-projectPath
D:/LabirentManager
-logFile
Logs/AssetImportWorker2.log
-srvPort
55091
Successfully changed project path to: D:/LabirentManager
D:/LabirentManager
Using Asset Import Pipeline V2.
Refreshing native plugins compatible for Editor in 25.59 ms, found 0 plugins.
Preloading 0 native plugins for Editor in 0.00 ms.
Initialize engine version: 2020.3.8f1 (507919d4fff5)
[Subsystems] Discovering subsystems at path C:/Program Files/Unity/2020.3.8f1/Editor/Data/Resources/UnitySubsystems
[Subsystems] Discovering subsystems at path D:/LabirentManager/Assets
GfxDevice: creating device client; threaded=0
Direct3D:
    Version:  Direct3D 11.0 [level 11.1]
    Renderer: NVIDIA GeForce RTX 2080 Super with Max-Q Design (ID=0x1e93)
    Vendor:   
    VRAM:     8010 MB
    Driver:   27.21.14.6242
Initialize mono
Mono path[0] = 'C:/Program Files/Unity/2020.3.8f1/Editor/Data/Managed'
Mono path[1] = 'C:/Program Files/Unity/2020.3.8f1/Editor/Data/MonoBleedingEdge/lib/mono/unityjit'
Mono config path = 'C:/Program Files/Unity/2020.3.8f1/Editor/Data/MonoBleedingEdge/etc'
Using monoOptions --debugger-agent=transport=dt_socket,embedding=1,server=y,suspend=n,address=127.0.0.1:56124
Begin MonoManager ReloadAssembly
Registering precompiled unity dll's ...
Register platform support module: C:/Program Files/Unity/2020.3.8f1/Editor/Data/PlaybackEngines/WindowsStandaloneSupport/UnityEditor.WindowsStandalone.Extensions.dll
Registered in 0.002228 seconds.
Native extension for WindowsStandalone target not found
Refreshing native plugins compatible for Editor in 28.33 ms, found 0 plugins.
Preloading 0 native plugins for Editor in 0.00 ms.
Mono: successfully reloaded assembly
- Completed reload, in  1.451 seconds
Platform modules already initialized, skipping
Registering precompiled user dll's ...
Registered in 0.000603 seconds.
Begin MonoManager ReloadAssembly
Native extension for WindowsStandalone target not found
Refreshing native plugins compatible for Editor in 0.26 ms, found 0 plugins.
Preloading 0 native plugins for Editor in 0.00 ms.
Mono: successfully reloaded assembly
- Completed reload, in  0.984 seconds
Platform modules already initialized, skipping
========================================================================
Worker process is ready to serve import requests
Launched and connected shader compiler UnityShaderCompiler.exe after 0.08 seconds
Refreshing native plugins compatible for Editor in 0.46 ms, found 0 plugins.
Preloading 0 native plugins for Editor in 0.00 ms.
Unloading 1118 Unused Serialized files (Serialized files now loaded: 0)
System memory in use before: 57.2 MB.
System memory in use after: 57.3 MB.

Unloading 10 unused Assets to reduce memory usage. Loaded Objects now: 1560.
Total: 2.185800 ms (FindLiveObjects: 0.133000 ms CreateObjectMapping: 0.037200 ms MarkObjects: 1.920900 ms  DeleteObjects: 0.093600 ms)

========================================================================
Received Import Request.
  path: Assets/Prefab/LabirentCell.prefab
  artifactKey: Guid(b8c5285255877d44ebfb5111cb189b9d) Importer(815301076,1909f56bfc062723c751e8b465ee728b)
Start importing Assets/Prefab/LabirentCell.prefab using Guid(b8c5285255877d44ebfb5111cb189b9d) Importer(815301076,1909f56bfc062723c751e8b465ee728b)  -> (artifact id: 'bc140acdff3bf4f8acd17be0cd70fd7d') in 0.107565 seconds
  Import took 0.109979 seconds .

========================================================================
Received Prepare
Refreshing native plugins compatible for Editor in 0.54 ms, found 0 plugins.
Preloading 0 native plugins for Editor in 0.00 ms.
Unloading 3 Unused Serialized files (Serialized files now loaded: 0)
System memory in use before: 38.3 MB.
System memory in use after: 38.4 MB.

Unloading 4 unused Assets to reduce memory usage. Loaded Objects now: 1568.
Total: 1.670800 ms (FindLiveObjects: 0.112000 ms CreateObjectMapping: 0.031900 ms MarkObjects: 1.490400 ms  DeleteObjects: 0.035800 ms)

========================================================================
Received Import Request.
  Time since last request: 15.836300 seconds.
  path: Assets/Prefab/DuvarGoruntu.prefab
  artifactKey: Guid(83cc2f1dc770e414d9cf751f6c7e513f) Importer(815301076,1909f56bfc062723c751e8b465ee728b)
Start importing Assets/Prefab/DuvarGoruntu.prefab using Guid(83cc2f1dc770e414d9cf751f6c7e513f) Importer(815301076,1909f56bfc062723c751e8b465ee728b)  -> (artifact id: '8ca236dbbd6c83ed6384cc2c95729178') in 0.013363 seconds
  Import took 0.015527 seconds .

========================================================================
Received Import Request.
  Time since last request: 0.004668 seconds.
  path: Assets/Prefab/DuvarGoruntu.prefab
  artifactKey: Guid(83cc2f1dc770e414d9cf751f6c7e513f) Importer(815301076,1909f56bfc062723c751e8b465ee728b)
Start importing Assets/Prefab/DuvarGoruntu.prefab using Guid(83cc2f1dc770e414d9cf751f6c7e513f) Importer(815301076,1909f56bfc062723c751e8b465ee728b)  -> (artifact id: '8ca236dbbd6c83ed6384cc2c95729178') in 0.008785 seconds
  Import took 0.011186 seconds .

========================================================================
Received Import Request.
  Time since last request: 0.072467 seconds.
  path: Assets/Prefab/LabirentWall.prefab
  artifactKey: Guid(2b1b6df540a05374caeca6dfe289be02) Importer(815301076,1909f56bfc062723c751e8b465ee728b)
Start importing Assets/Prefab/LabirentWall.prefab using Guid(2b1b6df540a05374caeca6dfe289be02) Importer(815301076,1909f56bfc062723c751e8b465ee728b)  -> (artifact id: '6bde4c37c9680d9eb58ab1ebe6e07136') in 0.010117 seconds
  Import took 0.012392 seconds .

========================================================================
Received Prepare
Registering precompiled user dll's ...
Registered in 0.000625 seconds.
Begin MonoManager ReloadAssembly
Native extension for WindowsStandalone target not found
Refreshing native plugins compatible for Editor in 0.23 ms, found 0 plugins.
Preloading 0 native plugins for Editor in 0.00 ms.
Mono: successfully reloaded assembly
- Completed reload, in  0.870 seconds
Platform modules already initialized, skipping
Refreshing native plugins compatible for Editor in 0.23 ms, found 0 plugins.
Preloading 0 native plugins for Editor in 0.00 ms.
Unloading 1113 Unused Serialized files (Serialized files now loaded: 0)
System memory in use before: 60.3 MB.
System memory in use after: 60.4 MB.

Unloading 5 unused Assets to reduce memory usage. Loaded Objects now: 1571.
Total: 1.635600 ms (FindLiveObjects: 0.142800 ms CreateObjectMapping: 0.040400 ms MarkObjects: 1.409900 ms  DeleteObjects: 0.041600 ms)

========================================================================
Received Prepare
Registering precompiled user dll's ...
Registered in 0.000483 seconds.
Begin MonoManager ReloadAssembly
Native extension for WindowsStandalone target not found
Refreshing native plugins compatible for Editor in 0.19 ms, found 0 plugins.
Preloading 0 native plugins for Editor in 0.00 ms.
Mono: successfully reloaded assembly
- Completed reload, in  0.722 seconds
Platform modules already initialized, skipping
Refreshing native plugins compatible for Editor in 0.23 ms, found 0 plugins.
Preloading 0 native plugins for Editor in 0.00 ms.
Unloading 1113 Unused Serialized files (Serialized files now loaded: 0)
System memory in use before: 60.3 MB.
System memory in use after: 60.4 MB.

Unloading 5 unused Assets to reduce memory usage. Loaded Objects now: 1574.
Total: 1.973900 ms (FindLiveObjects: 0.138500 ms CreateObjectMapping: 0.036000 ms MarkObjects: 1.742100 ms  DeleteObjects: 0.056400 ms)

========================================================================
Received Prepare
Registering precompiled user dll's ...
Registered in 0.000392 seconds.
Begin MonoManager ReloadAssembly
Native extension for WindowsStandalone target not found
Refreshing native plugins compatible for Editor in 0.19 ms, found 0 plugins.
Preloading 0 native plugins for Editor in 0.00 ms.
Mono: successfully reloaded assembly
- Completed reload, in  0.685 seconds
Platform modules already initialized, skipping
Refreshing native plugins compatible for Editor in 0.31 ms, found 0 plugins.
Preloading 0 native plugins for Editor in 0.00 ms.
Unloading 1113 Unused Serialized files (Serialized files now loaded: 0)
System memory in use before: 60.4 MB.
System memory in use after: 60.4 MB.

Unloading 5 unused Assets to reduce memory usage. Loaded Objects now: 1577.
Total: 2.121100 ms (FindLiveObjects: 0.122400 ms CreateObjectMapping: 0.029200 ms MarkObjects: 1.894800 ms  DeleteObjects: 0.073400 ms)

========================================================================
Received Prepare
Registering precompiled user dll's ...
Registered in 0.000281 seconds.
Begin MonoManager ReloadAssembly
Native extension for WindowsStandalone target not found
Refreshing native plugins compatible for Editor in 0.19 ms, found 0 plugins.
Preloading 0 native plugins for Editor in 0.00 ms.
Mono: successfully reloaded assembly
- Completed reload, in  0.660 seconds
Platform modules already initialized, skipping
Refreshing native plugins compatible for Editor in 0.22 ms, found 0 plugins.
Preloading 0 native plugins for Editor in 0.00 ms.
Unloading 1113 Unused Serialized files (Serialized files now loaded: 0)
System memory in use before: 60.4 MB.
System memory in use after: 60.4 MB.

Unloading 5 unused Assets to reduce memory usage. Loaded Objects now: 1580.
Total: 1.640400 ms (FindLiveObjects: 0.123300 ms CreateObjectMapping: 0.031400 ms MarkObjects: 1.449400 ms  DeleteObjects: 0.035500 ms)

========================================================================
Received Prepare
Registering precompiled user dll's ...
Registered in 0.000696 seconds.
Begin MonoManager ReloadAssembly
Native extension for WindowsStandalone target not found
Refreshing native plugins compatible for Editor in 0.21 ms, found 0 plugins.
Preloading 0 native plugins for Editor in 0.00 ms.
Mono: successfully reloaded assembly
- Completed reload, in  0.857 seconds
Platform modules already initialized, skipping
Refreshing native plugins compatible for Editor in 0.22 ms, found 0 plugins.
Preloading 0 native plugins for Editor in 0.00 ms.
Unloading 1113 Unused Serialized files (Serialized files now loaded: 0)
System memory in use before: 60.4 MB.
System memory in use after: 60.4 MB.

Unloading 5 unused Assets to reduce memory usage. Loaded Objects now: 1583.
Total: 1.375800 ms (FindLiveObjects: 0.124000 ms CreateObjectMapping: 0.030200 ms MarkObjects: 1.186300 ms  DeleteObjects: 0.034500 ms)

========================================================================
Received Prepare
Registering precompiled user dll's ...
Registered in 0.000445 seconds.
Begin MonoManager ReloadAssembly
Native extension for WindowsStandalone target not found
Refreshing native plugins compatible for Editor in 0.21 ms, found 0 plugins.
Preloading 0 native plugins for Editor in 0.00 ms.
Mono: successfully reloaded assembly
- Completed reload, in  0.675 seconds
Platform modules already initialized, skipping
Refreshing native plugins compatible for Editor in 0.24 ms, found 0 plugins.
Preloading 0 native plugins for Editor in 0.00 ms.
Unloading 1113 Unused Serialized files (Serialized files now loaded: 0)
System memory in use before: 60.4 MB.
System memory in use after: 60.5 MB.

Unloading 5 unused Assets to reduce memory usage. Loaded Objects now: 1586.
Total: 1.506800 ms (FindLiveObjects: 0.118900 ms CreateObjectMapping: 0.030000 ms MarkObjects: 1.315200 ms  DeleteObjects: 0.042000 ms)

========================================================================
Received Prepare
Registering precompiled user dll's ...
Registered in 0.001098 seconds.
Begin MonoManager ReloadAssembly
Native extension for WindowsStandalone target not found
Refreshing native plugins compatible for Editor in 0.23 ms, found 0 plugins.
Preloading 0 native plugins for Editor in 0.00 ms.
Mono: successfully reloaded assembly
- Completed reload, in  0.892 seconds
Platform modules already initialized, skipping
Refreshing native plugins compatible for Editor in 0.26 ms, found 0 plugins.
Preloading 0 native plugins for Editor in 0.00 ms.
Unloading 1113 Unused Serialized files (Serialized files now loaded: 0)
System memory in use before: 60.4 MB.
System memory in use after: 60.5 MB.

Unloading 5 unused Assets to reduce memory usage. Loaded Objects now: 1589.
Total: 1.790000 ms (FindLiveObjects: 0.162200 ms CreateObjectMapping: 0.041900 ms MarkObjects: 1.536100 ms  DeleteObjects: 0.048400 ms)

========================================================================
Received Prepare
Registering precompiled user dll's ...
Registered in 0.000319 seconds.
Begin MonoManager ReloadAssembly
Native extension for WindowsStandalone target not found
Refreshing native plugins compatible for Editor in 0.24 ms, found 0 plugins.
Preloading 0 native plugins for Editor in 0.00 ms.
Mono: successfully reloaded assembly
- Completed reload, in  0.676 seconds
Platform modules already initialized, skipping
Refreshing native plugins compatible for Editor in 0.20 ms, found 0 plugins.
Preloading 0 native plugins for Editor in 0.00 ms.
Unloading 1113 Unused Serialized files (Serialized files now loaded: 0)
System memory in use before: 60.4 MB.
System memory in use after: 60.5 MB.

Unloading 5 unused Assets to reduce memory usage. Loaded Objects now: 1592.
Total: 1.393700 ms (FindLiveObjects: 0.109700 ms CreateObjectMapping: 0.030600 ms MarkObjects: 1.214000 ms  DeleteObjects: 0.038600 ms)

========================================================================
Received Prepare
Registering precompiled user dll's ...
Registered in 0.000318 seconds.
Begin MonoManager ReloadAssembly
Native extension for WindowsStandalone target not found
Refreshing native plugins compatible for Editor in 0.24 ms, found 0 plugins.
Preloading 0 native plugins for Editor in 0.00 ms.
Mono: successfully reloaded assembly
- Completed reload, in  0.673 seconds
Platform modules already initialized, skipping
Refreshing native plugins compatible for Editor in 0.19 ms, found 0 plugins.
Preloading 0 native plugins for Editor in 0.00 ms.
Unloading 1113 Unused Serialized files (Serialized files now loaded: 0)
System memory in use before: 60.4 MB.
System memory in use after: 60.5 MB.

Unloading 5 unused Assets to reduce memory usage. Loaded Objects now: 1595.
Total: 1.438400 ms (FindLiveObjects: 0.117200 ms CreateObjectMapping: 0.033600 ms MarkObjects: 1.251400 ms  DeleteObjects: 0.035300 ms)

========================================================================
Received Prepare
Registering precompiled user dll's ...
Registered in 0.000327 seconds.
Begin MonoManager ReloadAssembly
Native extension for WindowsStandalone target not found
Refreshing native plugins compatible for Editor in 0.19 ms, found 0 plugins.
Preloading 0 native plugins for Editor in 0.00 ms.
Mono: successfully reloaded assembly
- Completed reload, in  0.629 seconds
Platform modules already initialized, skipping
Refreshing native plugins compatible for Editor in 0.21 ms, found 0 plugins.
Preloading 0 native plugins for Editor in 0.00 ms.
Unloading 1113 Unused Serialized files (Serialized files now loaded: 0)
System memory in use before: 60.4 MB.
System memory in use after: 60.5 MB.

Unloading 5 unused Assets to reduce memory usage. Loaded Objects now: 1598.
Total: 1.364400 ms (FindLiveObjects: 0.120400 ms CreateObjectMapping: 0.030600 ms MarkObjects: 1.177000 ms  DeleteObjects: 0.035800 ms)

========================================================================
Received Import Request.
  Time since last request: 446.344217 seconds.
  path: Assets/Prefab/LabirentCell.prefab
  artifactKey: Guid(b8c5285255877d44ebfb5111cb189b9d) Importer(815301076,1909f56bfc062723c751e8b465ee728b)
Start importing Assets/Prefab/LabirentCell.prefab using Guid(b8c5285255877d44ebfb5111cb189b9d) Importer(815301076,1909f56bfc062723c751e8b465ee728b)  -> (artifact id: '0bbe2d693ed334bd799ecc67f77dafc3') in 0.050351 seconds
  Import took 0.052420 seconds .

========================================================================
Received Import Request.
  Time since last request: 10.453534 seconds.
  path: Assets/Prefab/EkDuvar.prefab
  artifactKey: Guid(83cc2f1dc770e414d9cf751f6c7e513f) Importer(815301076,1909f56bfc062723c751e8b465ee728b)
Start importing Assets/Prefab/EkDuvar.prefab using Guid(83cc2f1dc770e414d9cf751f6c7e513f) Importer(815301076,1909f56bfc062723c751e8b465ee728b)  -> (artifact id: '0365e8e05bf75e7383b8ba57e1bd85ae') in 0.010106 seconds
  Import took 0.012305 seconds .

========================================================================
Received Prepare
Registering precompiled user dll's ...
Registered in 0.000385 seconds.
Begin MonoManager ReloadAssembly
Native extension for WindowsStandalone target not found
Refreshing native plugins compatible for Editor in 0.20 ms, found 0 plugins.
Preloading 0 native plugins for Editor in 0.00 ms.
Mono: successfully reloaded assembly
- Completed reload, in  0.679 seconds
Platform modules already initialized, skipping
Refreshing native plugins compatible for Editor in 0.22 ms, found 0 plugins.
Preloading 0 native plugins for Editor in 0.00 ms.
Unloading 1113 Unused Serialized files (Serialized files now loaded: 0)
System memory in use before: 60.4 MB.
System memory in use after: 60.5 MB.

Unloading 6 unused Assets to reduce memory usage. Loaded Objects now: 1602.
Total: 1.560100 ms (FindLiveObjects: 0.118800 ms CreateObjectMapping: 0.035000 ms MarkObjects: 1.365800 ms  DeleteObjects: 0.039300 ms)

========================================================================
Received Prepare
Registering precompiled user dll's ...
Registered in 0.000383 seconds.
Begin MonoManager ReloadAssembly
Native extension for WindowsStandalone target not found
Refreshing native plugins compatible for Editor in 0.22 ms, found 0 plugins.
Preloading 0 native plugins for Editor in 0.00 ms.
Mono: successfully reloaded assembly
- Completed reload, in  0.686 seconds
Platform modules already initialized, skipping
Refreshing native plugins compatible for Editor in 0.19 ms, found 0 plugins.
Preloading 0 native plugins for Editor in 0.00 ms.
Unloading 1113 Unused Serialized files (Serialized files now loaded: 0)
System memory in use before: 60.4 MB.
System memory in use after: 60.5 MB.

Unloading 5 unused Assets to reduce memory usage. Loaded Objects now: 1605.
Total: 1.538900 ms (FindLiveObjects: 0.125600 ms CreateObjectMapping: 0.034600 ms MarkObjects: 1.338700 ms  DeleteObjects: 0.039300 ms)

========================================================================
Received Prepare
Registering precompiled user dll's ...
Registered in 0.000577 seconds.
Begin MonoManager ReloadAssembly
Native extension for WindowsStandalone target not found
Refreshing native plugins compatible for Editor in 0.27 ms, found 0 plugins.
Preloading 0 native plugins for Editor in 0.00 ms.
Mono: successfully reloaded assembly
- Completed reload, in  0.882 seconds
Platform modules already initialized, skipping
Refreshing native plugins compatible for Editor in 0.22 ms, found 0 plugins.
Preloading 0 native plugins for Editor in 0.00 ms.
Unloading 1113 Unused Serialized files (Serialized files now loaded: 0)
System memory in use before: 60.4 MB.
System memory in use after: 60.5 MB.

Unloading 5 unused Assets to reduce memory usage. Loaded Objects now: 1608.
Total: 2.094800 ms (FindLiveObjects: 0.147000 ms CreateObjectMapping: 0.045900 ms MarkObjects: 1.848500 ms  DeleteObjects: 0.052500 ms)

========================================================================
Received Prepare
Registering precompiled user dll's ...
Registered in 0.000347 seconds.
Begin MonoManager ReloadAssembly
Native extension for WindowsStandalone target not found
Refreshing native plugins compatible for Editor in 0.20 ms, found 0 plugins.
Preloading 0 native plugins for Editor in 0.00 ms.
Mono: successfully reloaded assembly
- Completed reload, in  0.684 seconds
Platform modules already initialized, skipping
Refreshing native plugins compatible for Editor in 0.19 ms, found 0 plugins.
Preloading 0 native plugins for Editor in 0.00 ms.
Unloading 1113 Unused Serialized files (Serialized files now loaded: 0)
System memory in use before: 60.4 MB.
System memory in use after: 60.5 MB.

Unloading 5 unused Assets to reduce memory usage. Loaded Objects now: 1611.
Total: 1.562600 ms (FindLiveObjects: 0.114000 ms CreateObjectMapping: 0.031500 ms MarkObjects: 1.373300 ms  DeleteObjects: 0.042900 ms)

========================================================================
Received Prepare
Registering precompiled user dll's ...
Registered in 0.000329 seconds.
Begin MonoManager ReloadAssembly
Native extension for WindowsStandalone target not found
Refreshing native plugins compatible for Editor in 0.20 ms, found 0 plugins.
Preloading 0 native plugins for Editor in 0.00 ms.
Mono: successfully reloaded assembly
- Completed reload, in  0.674 seconds
Platform modules already initialized, skipping
Refreshing native plugins compatible for Editor in 0.18 ms, found 0 plugins.
Preloading 0 native plugins for Editor in 0.00 ms.
Unloading 1113 Unused Serialized files (Serialized files now loaded: 0)
System memory in use before: 60.4 MB.
System memory in use after: 60.5 MB.

Unloading 5 unused Assets to reduce memory usage. Loaded Objects now: 1614.
Total: 1.424700 ms (FindLiveObjects: 0.116700 ms CreateObjectMapping: 0.032400 ms MarkObjects: 1.236800 ms  DeleteObjects: 0.038200 ms)

========================================================================
Received Prepare
Registering precompiled user dll's ...
Registered in 0.000538 seconds.
Begin MonoManager ReloadAssembly
Native extension for WindowsStandalone target not found
Refreshing native plugins compatible for Editor in 0.19 ms, found 0 plugins.
Preloading 0 native plugins for Editor in 0.00 ms.
Mono: successfully reloaded assembly
- Completed reload, in  0.674 seconds
Platform modules already initialized, skipping
Refreshing native plugins compatible for Editor in 0.20 ms, found 0 plugins.
Preloading 0 native plugins for Editor in 0.00 ms.
Unloading 1113 Unused Serialized files (Serialized files now loaded: 0)
System memory in use before: 60.4 MB.
System memory in use after: 60.5 MB.

Unloading 5 unused Assets to reduce memory usage. Loaded Objects now: 1617.
Total: 1.607700 ms (FindLiveObjects: 0.123900 ms CreateObjectMapping: 0.032900 ms MarkObjects: 1.399900 ms  DeleteObjects: 0.050300 ms)

========================================================================
Received Prepare
Registering precompiled user dll's ...
Registered in 0.000903 seconds.
Begin MonoManager ReloadAssembly
Native extension for WindowsStandalone target not found
Refreshing native plugins compatible for Editor in 0.23 ms, found 0 plugins.
Preloading 0 native plugins for Editor in 0.00 ms.
Mono: successfully reloaded assembly
- Completed reload, in  0.951 seconds
Platform modules already initialized, skipping
Refreshing native plugins compatible for Editor in 0.24 ms, found 0 plugins.
Preloading 0 native plugins for Editor in 0.00 ms.
Unloading 1113 Unused Serialized files (Serialized files now loaded: 0)
System memory in use before: 60.4 MB.
System memory in use after: 60.5 MB.

Unloading 5 unused Assets to reduce memory usage. Loaded Objects now: 1620.
Total: 1.807900 ms (FindLiveObjects: 0.156800 ms CreateObjectMapping: 0.044900 ms MarkObjects: 1.506400 ms  DeleteObjects: 0.098900 ms)

========================================================================
Received Prepare
Registering precompiled user dll's ...
Registered in 0.000289 seconds.
Begin MonoManager ReloadAssembly
Native extension for WindowsStandalone target not found
Refreshing native plugins compatible for Editor in 0.22 ms, found 0 plugins.
Preloading 0 native plugins for Editor in 0.00 ms.
Mono: successfully reloaded assembly
- Completed reload, in  0.674 seconds
Platform modules already initialized, skipping
Refreshing native plugins compatible for Editor in 0.23 ms, found 0 plugins.
Preloading 0 native plugins for Editor in 0.00 ms.
Unloading 1113 Unused Serialized files (Serialized files now loaded: 0)
System memory in use before: 60.4 MB.
System memory in use after: 60.5 MB.

Unloading 5 unused Assets to reduce memory usage. Loaded Objects now: 1623.
Total: 1.578000 ms (FindLiveObjects: 0.119000 ms CreateObjectMapping: 0.029500 ms MarkObjects: 1.394100 ms  DeleteObjects: 0.034700 ms)

========================================================================
Received Prepare
Registering precompiled user dll's ...
Registered in 0.000595 seconds.
Begin MonoManager ReloadAssembly
Native extension for WindowsStandalone target not found
Refreshing native plugins compatible for Editor in 0.29 ms, found 0 plugins.
Preloading 0 native plugins for Editor in 0.00 ms.
Mono: successfully reloaded assembly
- Completed reload, in  0.926 seconds
Platform modules already initialized, skipping
Refreshing native plugins compatible for Editor in 0.25 ms, found 0 plugins.
Preloading 0 native plugins for Editor in 0.00 ms.
Unloading 1113 Unused Serialized files (Serialized files now loaded: 0)
System memory in use before: 60.4 MB.
System memory in use after: 60.5 MB.

Unloading 5 unused Assets to reduce memory usage. Loaded Objects now: 1626.
Total: 1.763400 ms (FindLiveObjects: 0.161300 ms CreateObjectMapping: 0.042200 ms MarkObjects: 1.508200 ms  DeleteObjects: 0.050400 ms)

========================================================================
Received Prepare
Registering precompiled user dll's ...
Registered in 0.000391 seconds.
Begin MonoManager ReloadAssembly
Native extension for WindowsStandalone target not found
Refreshing native plugins compatible for Editor in 0.20 ms, found 0 plugins.
Preloading 0 native plugins for Editor in 0.00 ms.
Mono: successfully reloaded assembly
- Completed reload, in  0.671 seconds
Platform modules already initialized, skipping
Refreshing native plugins compatible for Editor in 0.23 ms, found 0 plugins.
Preloading 0 native plugins for Editor in 0.00 ms.
Unloading 1113 Unused Serialized files (Serialized files now loaded: 0)
System memory in use before: 60.4 MB.
System memory in use after: 60.5 MB.

Unloading 5 unused Assets to reduce memory usage. Loaded Objects now: 1629.
Total: 1.673700 ms (FindLiveObjects: 0.144100 ms CreateObjectMapping: 0.031400 ms MarkObjects: 1.451100 ms  DeleteObjects: 0.046200 ms)

========================================================================
Received Prepare
Registering precompiled user dll's ...
Registered in 0.001758 seconds.
Begin MonoManager ReloadAssembly
Native extension for WindowsStandalone target not found
Refreshing native plugins compatible for Editor in 0.29 ms, found 0 plugins.
Preloading 0 native plugins for Editor in 0.00 ms.
Mono: successfully reloaded assembly
- Completed reload, in  0.886 seconds
Platform modules already initialized, skipping
Refreshing native plugins compatible for Editor in 0.24 ms, found 0 plugins.
Preloading 0 native plugins for Editor in 0.00 ms.
Unloading 1113 Unused Serialized files (Serialized files now loaded: 0)
System memory in use before: 60.5 MB.
System memory in use after: 60.5 MB.

Unloading 5 unused Assets to reduce memory usage. Loaded Objects now: 1632.
Total: 1.881900 ms (FindLiveObjects: 0.164000 ms CreateObjectMapping: 0.060700 ms MarkObjects: 1.595600 ms  DeleteObjects: 0.060500 ms)

========================================================================
Received Prepare
Registering precompiled user dll's ...
Registered in 0.000450 seconds.
Begin MonoManager ReloadAssembly
Native extension for WindowsStandalone target not found
Refreshing native plugins compatible for Editor in 0.20 ms, found 0 plugins.
Preloading 0 native plugins for Editor in 0.00 ms.
Mono: successfully reloaded assembly
- Completed reload, in  0.672 seconds
Platform modules already initialized, skipping
Refreshing native plugins compatible for Editor in 0.19 ms, found 0 plugins.
Preloading 0 native plugins for Editor in 0.00 ms.
Unloading 1113 Unused Serialized files (Serialized files now loaded: 0)
System memory in use before: 60.5 MB.
System memory in use after: 60.5 MB.

Unloading 5 unused Assets to reduce memory usage. Loaded Objects now: 1635.
Total: 1.429200 ms (FindLiveObjects: 0.107800 ms CreateObjectMapping: 0.028900 ms MarkObjects: 1.256300 ms  DeleteObjects: 0.035200 ms)

========================================================================
Received Prepare
Registering precompiled user dll's ...
Registered in 0.000657 seconds.
Begin MonoManager ReloadAssembly
Native extension for WindowsStandalone target not found
Refreshing native plugins compatible for Editor in 0.24 ms, found 0 plugins.
Preloading 0 native plugins for Editor in 0.00 ms.
Mono: successfully reloaded assembly
- Completed reload, in  0.960 seconds
Platform modules already initialized, skipping
Refreshing native plugins compatible for Editor in 0.20 ms, found 0 plugins.
Preloading 0 native plugins for Editor in 0.00 ms.
Unloading 1113 Unused Serialized files (Serialized files now loaded: 0)
System memory in use before: 60.5 MB.
System memory in use after: 60.6 MB.

Unloading 5 unused Assets to reduce memory usage. Loaded Objects now: 1638.
Total: 2.148300 ms (FindLiveObjects: 0.147400 ms CreateObjectMapping: 0.077000 ms MarkObjects: 1.828200 ms  DeleteObjects: 0.094700 ms)

========================================================================
Received Prepare
Registering precompiled user dll's ...
Registered in 0.000452 seconds.
Begin MonoManager ReloadAssembly
Native extension for WindowsStandalone target not found
Refreshing native plugins compatible for Editor in 0.21 ms, found 0 plugins.
Preloading 0 native plugins for Editor in 0.00 ms.
Mono: successfully reloaded assembly
- Completed reload, in  0.669 seconds
Platform modules already initialized, skipping
Refreshing native plugins compatible for Editor in 0.34 ms, found 0 plugins.
Preloading 0 native plugins for Editor in 0.00 ms.
Unloading 1113 Unused Serialized files (Serialized files now loaded: 0)
System memory in use before: 60.5 MB.
System memory in use after: 60.6 MB.

Unloading 5 unused Assets to reduce memory usage. Loaded Objects now: 1641.
Total: 2.005200 ms (FindLiveObjects: 0.273800 ms CreateObjectMapping: 0.052500 ms MarkObjects: 1.577900 ms  DeleteObjects: 0.098400 ms)

========================================================================
Received Prepare
Registering precompiled user dll's ...
Registered in 0.000387 seconds.
Begin MonoManager ReloadAssembly
Native extension for WindowsStandalone target not found
Refreshing native plugins compatible for Editor in 0.20 ms, found 0 plugins.
Preloading 0 native plugins for Editor in 0.00 ms.
Mono: successfully reloaded assembly
- Completed reload, in  0.665 seconds
Platform modules already initialized, skipping
Refreshing native plugins compatible for Editor in 0.21 ms, found 0 plugins.
Preloading 0 native plugins for Editor in 0.00 ms.
Unloading 1113 Unused Serialized files (Serialized files now loaded: 0)
System memory in use before: 60.5 MB.
System memory in use after: 60.6 MB.

Unloading 5 unused Assets to reduce memory usage. Loaded Objects now: 1644.
Total: 1.502300 ms (FindLiveObjects: 0.129800 ms CreateObjectMapping: 0.037300 ms MarkObjects: 1.290500 ms  DeleteObjects: 0.043800 ms)

========================================================================
Received Prepare
Registering precompiled user dll's ...
Registered in 0.000832 seconds.
Begin MonoManager ReloadAssembly
Native extension for WindowsStandalone target not found
Refreshing native plugins compatible for Editor in 0.24 ms, found 0 plugins.
Preloading 0 native plugins for Editor in 0.00 ms.
Mono: successfully reloaded assembly
- Completed reload, in  0.806 seconds
Platform modules already initialized, skipping
Refreshing native plugins compatible for Editor in 0.22 ms, found 0 plugins.
Preloading 0 native plugins for Editor in 0.00 ms.
Unloading 1113 Unused Serialized files (Serialized files now loaded: 0)
System memory in use before: 60.5 MB.
System memory in use after: 60.6 MB.

Unloading 5 unused Assets to reduce memory usage. Loaded Objects now: 1647.
Total: 1.499400 ms (FindLiveObjects: 0.130700 ms CreateObjectMapping: 0.035000 ms MarkObjects: 1.295200 ms  DeleteObjects: 0.037900 ms)

========================================================================
Received Prepare
Registering precompiled user dll's ...
Registered in 0.000396 seconds.
Begin MonoManager ReloadAssembly
Native extension for WindowsStandalone target not found
Refreshing native plugins compatible for Editor in 0.19 ms, found 0 plugins.
Preloading 0 native plugins for Editor in 0.00 ms.
Mono: successfully reloaded assembly
- Completed reload, in  0.669 seconds
Platform modules already initialized, skipping
Refreshing native plugins compatible for Editor in 0.20 ms, found 0 plugins.
Preloading 0 native plugins for Editor in 0.00 ms.
Unloading 1113 Unused Serialized files (Serialized files now loaded: 0)
System memory in use before: 60.5 MB.
System memory in use after: 60.6 MB.

Unloading 5 unused Assets to reduce memory usage. Loaded Objects now: 1650.
Total: 1.382700 ms (FindLiveObjects: 0.109300 ms CreateObjectMapping: 0.030500 ms MarkObjects: 1.207600 ms  DeleteObjects: 0.034600 ms)

========================================================================
Received Prepare
Registering precompiled user dll's ...
Registered in 0.000687 seconds.
Begin MonoManager ReloadAssembly
Native extension for WindowsStandalone target not found
Refreshing native plugins compatible for Editor in 0.19 ms, found 0 plugins.
Preloading 0 native plugins for Editor in 0.00 ms.
Mono: successfully reloaded assembly
- Completed reload, in  0.651 seconds
Platform modules already initialized, skipping
Refreshing native plugins compatible for Editor in 0.21 ms, found 0 plugins.
Preloading 0 native plugins for Editor in 0.00 ms.
Unloading 1113 Unused Serialized files (Serialized files now loaded: 0)
System memory in use before: 60.5 MB.
System memory in use after: 60.6 MB.

Unloading 5 unused Assets to reduce memory usage. Loaded Objects now: 1653.
Total: 1.330200 ms (FindLiveObjects: 0.111900 ms CreateObjectMapping: 0.030300 ms MarkObjects: 1.151800 ms  DeleteObjects: 0.035600 ms)

========================================================================
Received Prepare
Registering precompiled user dll's ...
Registered in 0.000602 seconds.
Begin MonoManager ReloadAssembly
Native extension for WindowsStandalone target not found
Refreshing native plugins compatible for Editor in 0.21 ms, found 0 plugins.
Preloading 0 native plugins for Editor in 0.00 ms.
Mono: successfully reloaded assembly
- Completed reload, in  0.637 seconds
Platform modules already initialized, skipping
Refreshing native plugins compatible for Editor in 0.18 ms, found 0 plugins.
Preloading 0 native plugins for Editor in 0.00 ms.
Unloading 1113 Unused Serialized files (Serialized files now loaded: 0)
System memory in use before: 60.5 MB.
System memory in use after: 60.6 MB.

Unloading 5 unused Assets to reduce memory usage. Loaded Objects now: 1656.
Total: 1.315500 ms (FindLiveObjects: 0.112900 ms CreateObjectMapping: 0.030200 ms MarkObjects: 1.138400 ms  DeleteObjects: 0.033300 ms)

========================================================================
Received Prepare
Registering precompiled user dll's ...
Registered in 0.000450 seconds.
Begin MonoManager ReloadAssembly
Native extension for WindowsStandalone target not found
Refreshing native plugins compatible for Editor in 0.22 ms, found 0 plugins.
Preloading 0 native plugins for Editor in 0.00 ms.
Mono: successfully reloaded assembly
- Completed reload, in  0.677 seconds
Platform modules already initialized, skipping
Refreshing native plugins compatible for Editor in 0.20 ms, found 0 plugins.
Preloading 0 native plugins for Editor in 0.00 ms.
Unloading 1113 Unused Serialized files (Serialized files now loaded: 0)
System memory in use before: 60.6 MB.
System memory in use after: 60.6 MB.

Unloading 5 unused Assets to reduce memory usage. Loaded Objects now: 1659.
Total: 1.523600 ms (FindLiveObjects: 0.121500 ms CreateObjectMapping: 0.031500 ms MarkObjects: 1.313000 ms  DeleteObjects: 0.056900 ms)

========================================================================
Received Import Request.
  Time since last request: 6025.514151 seconds.
  path: Assets/Prefab/LabirentCell.prefab
  artifactKey: Guid(b8c5285255877d44ebfb5111cb189b9d) Importer(815301076,1909f56bfc062723c751e8b465ee728b)
Start importing Assets/Prefab/LabirentCell.prefab using Guid(b8c5285255877d44ebfb5111cb189b9d) Importer(815301076,1909f56bfc062723c751e8b465ee728b)  -> (artifact id: '96011be7c22eafe8af97c5b16bd7934d') in 0.052566 seconds
  Import took 0.054986 seconds .

========================================================================
Received Import Request.
  Time since last request: 3.901531 seconds.
  path: Assets/Prefab/LabirentCell.prefab
  artifactKey: Guid(b8c5285255877d44ebfb5111cb189b9d) Importer(815301076,1909f56bfc062723c751e8b465ee728b)
Start importing Assets/Prefab/LabirentCell.prefab using Guid(b8c5285255877d44ebfb5111cb189b9d) Importer(815301076,1909f56bfc062723c751e8b465ee728b)  -> (artifact id: '428fdf7d78a925a9a2dd60f1e4acc236') in 0.006362 seconds
  Import took 0.008605 seconds .

========================================================================
Received Prepare
Registering precompiled user dll's ...
Registered in 0.000668 seconds.
Begin MonoManager ReloadAssembly
Native extension for WindowsStandalone target not found
Refreshing native plugins compatible for Editor in 0.28 ms, found 0 plugins.
Preloading 0 native plugins for Editor in 0.00 ms.
Mono: successfully reloaded assembly
- Completed reload, in  0.923 seconds
Platform modules already initialized, skipping
Refreshing native plugins compatible for Editor in 0.32 ms, found 0 plugins.
Preloading 0 native plugins for Editor in 0.00 ms.
Unloading 1113 Unused Serialized files (Serialized files now loaded: 0)
System memory in use before: 60.6 MB.
System memory in use after: 60.6 MB.

Unloading 6 unused Assets to reduce memory usage. Loaded Objects now: 1663.
Total: 2.160900 ms (FindLiveObjects: 0.272700 ms CreateObjectMapping: 0.094000 ms MarkObjects: 1.734700 ms  DeleteObjects: 0.058400 ms)

========================================================================
Received Prepare
Registering precompiled user dll's ...
Registered in 0.000430 seconds.
Begin MonoManager ReloadAssembly
Native extension for WindowsStandalone target not found
Refreshing native plugins compatible for Editor in 0.18 ms, found 0 plugins.
Preloading 0 native plugins for Editor in 0.00 ms.
Mono: successfully reloaded assembly
- Completed reload, in  0.678 seconds
Platform modules already initialized, skipping
Refreshing native plugins compatible for Editor in 0.22 ms, found 0 plugins.
Preloading 0 native plugins for Editor in 0.00 ms.
Unloading 1113 Unused Serialized files (Serialized files now loaded: 0)
System memory in use before: 60.6 MB.
System memory in use after: 60.6 MB.

Unloading 5 unused Assets to reduce memory usage. Loaded Objects now: 1666.
Total: 1.596700 ms (FindLiveObjects: 0.158800 ms CreateObjectMapping: 0.038700 ms MarkObjects: 1.357000 ms  DeleteObjects: 0.041300 ms)

